<?xml version="1.0" encoding="UTF-8" ?>
<testsuite tests="6" failures="1" name="puissance4.fonctionnel.TestFonctionnelPuissance4" time="74.966" errors="0" skipped="0">
  <properties>
[...]
</properties>
  <testcase classname="puissance4.fonctionnel.TestFonctionnelPuissance4" name="test01Lacher2PionsColonne1" time="0.679"/>
  <testcase classname="puissance4.fonctionnel.TestFonctionnelPuissance4" name="test02Lacher1PionColonne4" time="1.447"/>
  <testcase classname="puissance4.fonctionnel.TestFonctionnelPuissance4" name="test03DeborderColonne" time="9.61"/>
  <testcase classname="puissance4.fonctionnel.TestFonctionnelPuissance4" name="test04NouvellePartie" time="0.364"/>
  <testcase classname="puissance4.fonctionnel.TestFonctionnelPuissance4" name="test04Victoire" time="8.452"/>
  <testcase classname="puissance4.fonctionnel.TestFonctionnelPuissance4" name="tet06Egalite" time="54.414">
    <failure message="
Expected: applies on Predicate
     but: was &lt;Label[id=texte-info, styleClass=label]&apos;&apos;&gt;" type="java.lang.AssertionError">java.lang.AssertionError: 
Expected: applies on Predicate
     but: was &lt;Label[id=texte-info, styleClass=label]&apos;&apos;&gt;
	at org.testfx.api.FxAssert.verifyThatImpl(FxAssert.java:141)
	at org.testfx.api.FxAssert.verifyThat(FxAssert.java:110)
	at puissance4.fonctionnel.TestFonctionnelPuissance4.tet06Egalite(TestFonctionnelPuissance4.java:119)
	at sun.reflect.NativeMethodAccessorImpl.invoke0(Native Method)
	at sun.reflect.NativeMethodAccessorImpl.invoke(NativeMethodAccessorImpl.java:62)
	at sun.reflect.DelegatingMethodAccessorImpl.invoke(DelegatingMethodAccessorImpl.java:43)
	at java.lang.reflect.Method.invoke(Method.java:498)
	at org.junit.runners.model.FrameworkMethod$1.runReflectiveCall(FrameworkMethod.java:50)
	at org.junit.internal.runners.model.ReflectiveCallable.run(ReflectiveCallable.java:12)
	at org.junit.runners.model.FrameworkMethod.invokeExplosively(FrameworkMethod.java:47)
	at org.junit.internal.runners.statements.InvokeMethod.evaluate(InvokeMethod.java:17)
	at org.junit.internal.runners.statements.RunBefores.evaluate(RunBefores.java:26)
	at org.junit.internal.runners.statements.RunAfters.evaluate(RunAfters.java:27)
	at org.junit.runners.ParentRunner.runLeaf(ParentRunner.java:325)
	at org.junit.runners.BlockJUnit4ClassRunner.runChild(BlockJUnit4ClassRunner.java:78)
	at org.junit.runners.BlockJUnit4ClassRunner.runChild(BlockJUnit4ClassRunner.java:57)
	at org.junit.runners.ParentRunner$3.run(ParentRunner.java:290)
	at org.junit.runners.ParentRunner$1.schedule(ParentRunner.java:71)
	at org.junit.runners.ParentRunner.runChildren(ParentRunner.java:288)
	at org.junit.runners.ParentRunner.access$000(ParentRunner.java:58)
	at org.junit.runners.ParentRunner$2.evaluate(ParentRunner.java:268)
	at org.junit.internal.runners.statements.RunBefores.evaluate(RunBefores.java:26)
	at org.junit.runners.ParentRunner.run(ParentRunner.java:363)
	at org.apache.maven.surefire.junit4.JUnit4Provider.execute(JUnit4Provider.java:252)
	at org.apache.maven.surefire.junit4.JUnit4Provider.executeTestSet(JUnit4Provider.java:141)
	at org.apache.maven.surefire.junit4.JUnit4Provider.invoke(JUnit4Provider.java:112)
	at sun.reflect.NativeMethodAccessorImpl.invoke0(Native Method)
	at sun.reflect.NativeMethodAccessorImpl.invoke(NativeMethodAccessorImpl.java:62)
	at sun.reflect.DelegatingMethodAccessorImpl.invoke(DelegatingMethodAccessorImpl.java:43)
	at java.lang.reflect.Method.invoke(Method.java:498)
	at org.apache.maven.surefire.util.ReflectionUtils.invokeMethodWithArray(ReflectionUtils.java:189)
	at org.apache.maven.surefire.booter.ProviderFactory$ProviderProxy.invoke(ProviderFactory.java:165)
	at org.apache.maven.surefire.booter.ProviderFactory.invokeProvider(ProviderFactory.java:85)
	at org.apache.maven.surefire.booter.ForkedBooter.runSuitesInProcess(ForkedBooter.java:115)
	at org.apache.maven.surefire.booter.ForkedBooter.main(ForkedBooter.java:75)
</failure>
  </testcase>
</testsuite>